<?xml version="1.0" encoding="UTF-8"?>
<testsuite xmlns:xsi="http://www.w3.org/2001/XMLSchema-instance" xsi:noNamespaceSchemaLocation="https://maven.apache.org/surefire/maven-surefire-plugin/xsd/surefire-test-report.xsd" name="com.example.librarymanagement.AppTest" time="0.045" tests="4" errors="0" skipped="0" failures="0">
  <properties>
[...]
</properties>
  <testcase name="testAddBook" classname="com.example.librarymanagement.AppTest" time="0.03"/>
  <testcase name="testReturnBook" classname="com.example.librarymanagement.AppTest" time="0"/>
  <testcase name="testBorrowBook" classname="com.example.librarymanagement.AppTest" time="0"/>
  <testcase name="testViewAvailableBooks" classname="com.example.librarymanagement.AppTest" time="0"/>
</testsuite>